<?xml version="1.0" encoding="UTF-8"?>
<!-- Generated by org.testng.reporters.JUnitReportReporter -->
<testsuite skipped="0" hostname="GLB-L2390" name="com.Exercise1.tests.Test1" tests="1" failures="0" timestamp="04 dic 2017 04:09:55 GMT" time="68.389" errors="0">
  <testcase name="Test" time="68.389" classname="com.Exercise1.tests.Test1"/>
</testsuite> <!-- com.Exercise1.tests.Test1 -->
